<?xml version="1.0" encoding="UTF-8"?>
<!-- Generated by org.testng.reporters.JUnitReportReporter -->
<testsuite hostname="CHUTNEYYs-LAPTOP" failures="0" tests="1" name="testCases.TC2_LoginTest" time="3.553" errors="0" timestamp="2025-01-07T22:03:23 IST" skipped="0">
  <testcase classname="testCases.TC2_LoginTest" name="verifyLogin" time="3.553"/>
</testsuite> <!-- testCases.TC2_LoginTest -->
