<?xml version="1.0" encoding="UTF-8"?>
<!-- Generated by org.testng.reporters.JUnitReportReporter -->
<testsuite hostname="CHUTNEYYs-LAPTOP" failures="0" tests="1" name="testCases.TC1_AccountRegisteration" time="13.102" errors="0" timestamp="2025-01-07T22:01:09 IST" skipped="0">
  <testcase classname="testCases.TC1_AccountRegisteration" name="validateReg" time="13.102"/>
</testsuite> <!-- testCases.TC1_AccountRegisteration -->
