<?xml version="1.0" encoding="UTF-8"?>
<!-- Generated by org.testng.reporters.JUnitReportReporter -->
<testsuite hostname="CHUTNEYYs-LAPTOP" failures="0" tests="1" name="testCases.TC1_AccountRegisteration" time="4.963" errors="0" timestamp="2024-12-29T12:31:53 IST" skipped="0">
  <testcase classname="testCases.TC1_AccountRegisteration" name="validateReg" time="4.963"/>
</testsuite> <!-- testCases.TC1_AccountRegisteration -->
