<?xml version="1.0" encoding="UTF-8"?>
<!-- Generated by org.testng.reporters.JUnitReportReporter -->
<testsuite hostname="CHUTNEYYs-LAPTOP" failures="0" tests="4" name="testCases.TC3_LoginDDT" time="20.229" errors="0" timestamp="2025-01-09T00:25:54 IST" skipped="0">
  <testcase classname="testCases.TC3_LoginDDT" name="verifyLogin" time="6.866"/>
  <testcase classname="testCases.TC3_LoginDDT" name="verifyLogin" time="3.400"/>
  <testcase classname="testCases.TC3_LoginDDT" name="verifyLogin" time="6.802"/>
  <testcase classname="testCases.TC3_LoginDDT" name="verifyLogin" time="3.161"/>
</testsuite> <!-- testCases.TC3_LoginDDT -->
